<?xml version="1.0" encoding="UTF-8"?>
<testng-results ignored="0" total="1" passed="1" failed="0" skipped="0">
  <reporter-output>
  </reporter-output>
  <suite started-at="2020-04-25T17:55:20 BST" name="Default suite" finished-at="2020-04-25T17:55:29 BST" duration-ms="9196">
    <groups>
      <group name="cucumber">
        <method signature="AbstractTestNGCucumberTests.runScenario(io.cucumber.testng.PickleWrapper, io.cucumber.testng.FeatureWrapper)[pri:0, instance:com.Runners.TestNGRunner@6fe7aac8]" name="runScenario" class="io.cucumber.testng.AbstractTestNGCucumberTests"/>
      </group> <!-- cucumber -->
    </groups>
    <test started-at="2020-04-25T17:55:20 BST" name="Default test" finished-at="2020-04-25T17:55:29 BST" duration-ms="9196">
      <class name="com.Runners.TestNGRunner">
        <test-method is-config="true" signature="setUpClass()[pri:0, instance:com.Runners.TestNGRunner@6fe7aac8]" started-at="2020-04-25T17:55:20 BST" name="setUpClass" finished-at="2020-04-25T17:55:20 BST" duration-ms="112" status="PASS">
          <reporter-output>
          </reporter-output>
        </test-method> <!-- setUpClass -->
        <test-method signature="runScenario(io.cucumber.testng.PickleWrapper, io.cucumber.testng.FeatureWrapper)[pri:0, instance:com.Runners.TestNGRunner@6fe7aac8]" started-at="2020-04-25T17:55:20 BST" name="runScenario" description="Runs Cucumber Scenarios" data-provider="scenarios" finished-at="2020-04-25T17:55:29 BST" duration-ms="8850" status="PASS">
          <params>
            <param index="0">
              <value>
                <![CDATA["DataTable"]]>
              </value>
            </param>
            <param index="1">
              <value>
                <![CDATA["Practice cucumber concepts using PHP Travels website"]]>
              </value>
            </param>
          </params>
          <reporter-output>
          </reporter-output>
        </test-method> <!-- runScenario -->
        <test-method is-config="true" signature="tearDownClass()[pri:0, instance:com.Runners.TestNGRunner@6fe7aac8]" started-at="2020-04-25T17:55:29 BST" name="tearDownClass" finished-at="2020-04-25T17:55:29 BST" duration-ms="88" status="PASS">
          <reporter-output>
          </reporter-output>
        </test-method> <!-- tearDownClass -->
      </class> <!-- com.Runners.TestNGRunner -->
    </test> <!-- Default test -->
  </suite> <!-- Default suite -->
</testng-results>
